
error: 2022-01-25 11:26:26: ENOENT: no such file or directory, open 'C:\Users\Rumyana_Atanasova\Desktop\NodejsHomework\config\UserInpt.txt'
error: 2022-01-25 11:26:59: ENOENT: no such file or directory, open 'C:\Users\Rumyana_Atanasova\Desktop\NodejsHomework\config\UserInpt.txt'
error: 2022-01-25 11:27:02: ENOENT: no such file or directory, open 'C:\Users\Rumyana_Atanasova\Desktop\NodejsHomework\config\UserInpt.txt'
error: 2022-01-25 11:29:01: ENOENT: no such file or directory, open 'c:\Users\Rumyana_Atanasova\Desktop\NodejsHomework\config\UserInpt.txt'
error: 2022-01-25 11:31:22: {"error":"Parameter q is missing."}
error: 2022-01-25 11:32:33: {"error":"Parameter q is missing."}
error: 2022-01-25 11:32:53: {"error":"Parameter q is missing."}
error: 2022-01-25 11:33:38: {"error":"Parameter q is missing."}
error: 2022-01-25 11:33:55: {"error":"Parameter q is missing."}
error: 2022-01-25 11:36:59: {"error":"Parameter q is missing."}
error: 2022-01-25 11:45:41: {"error":"Parameter q is missing."}
error: 2022-01-25 11:45:48: {"error":"Parameter q is missing."}
error: 2022-01-25 11:46:00: {"error":"Parameter q is missing."}
error: 2022-01-25 12:00:32: request to http://api.weatherapi.com/v1/current.json?key=493f7722705c44bb906133558222101&q= failed, reason: getaddrinfo ENOTFOUND api.weatherapi.com
error: 2022-01-25 12:01:48: request to http://api.weatherapi.com/v1/current.json?key=493f7722705c44bb906133558222101&q= failed, reason: getaddrinfo ENOTFOUND api.weatherapi.com
error: 2022-01-25 12:02:42: {"error":"Parameter q is missing."}
error: 2022-01-25 12:26:22: Unexpected token N in JSON at position 0
info: 2022-01-25 12:33:14: Email sent
info: 2022-01-25 12:35:48: Appended city info in Output.txt
info: 2022-01-25 12:36:34: Appended city info in Output.txt
error: 2022-01-25 15:13:11: logger.console is not a function
error: 2022-01-25 15:13:11: logger.console is not a function
error: 2022-01-25 15:14:19: logger.console is not a function
error: 2022-01-25 15:14:19: logger.console is not a function
info: 2022-01-25 15:16:16: Appended city info in Output.txt
info: 2022-01-25 15:22:46: Appended city info in Output.txt
info: 2022-01-25 15:35:50: Appended city info in Output.txt
